<?xml version="1.0" encoding="UTF-8"?>
<testsuite xmlns:xsi="http://www.w3.org/2001/XMLSchema-instance" xsi:noNamespaceSchemaLocation="https://maven.apache.org/surefire/maven-surefire-plugin/xsd/surefire-test-report-3.0.xsd" version="3.0" name="com.csye6225.assignment3.webapp.WebappApplicationTests" time="6.426" tests="1" errors="0" skipped="0" failures="0">
  <properties>
[...]
</properties>
  <testcase name="contextLoads" classname="com.csye6225.assignment3.webapp.WebappApplicationTests" time="0.656">
    <system-out><![CDATA[17:13:06.670 [main] INFO org.springframework.test.context.support.AnnotationConfigContextLoaderUtils -- Could not detect default configuration classes for test class [com.csye6225.assignment3.controllers.HealthCheckControllerTests]: HealthCheckControllerTests does not declare any static, non-private, non-final, nested classes annotated with @Configuration.
17:13:06.859 [main] INFO org.springframework.test.context.support.AnnotationConfigContextLoaderUtils -- Could not detect default configuration classes for test class [com.csye6225.assignment3.controllers.HealthCheckControllerTests]: HealthCheckControllerTests does not declare any static, non-private, non-final, nested classes annotated with @Configuration.
17:13:06.954 [main] INFO org.springframework.test.context.support.AnnotationConfigContextLoaderUtils -- Could not detect default configuration classes for test class [com.csye6225.assignment3.webapp.WebappApplicationTests]: WebappApplicationTests does not declare any static, non-private, non-final, nested classes annotated with @Configuration.
17:13:06.983 [main] INFO org.springframework.boot.test.context.SpringBootTestContextBootstrapper -- Found @SpringBootConfiguration com.csye6225.assignment3.webapp.WebappApplication for test class com.csye6225.assignment3.webapp.WebappApplicationTests

  .   ____          _            __ _ _
 /\\ / ___'_ __ _ _(_)_ __  __ _ \ \ \ \
( ( )\___ | '_ | '_| | '_ \/ _` | \ \ \ \
 \\/  ___)| |_)| | | | | || (_| |  ) ) ) )
  '  |____| .__|_| |_|_| |_\__, | / / / /
 =========|_|==============|___/=/_/_/_/
 :: Spring Boot ::                (v3.1.4)

2023-10-04T17:13:07.442-04:00  INFO 5180 --- [           main] c.c.a.webapp.WebappApplicationTests      : Starting WebappApplicationTests using Java 20 with PID 5180 (started by swethapaturu in /Users/swethapaturu/Desktop/webapp)
2023-10-04T17:13:07.444-04:00  INFO 5180 --- [           main] c.c.a.webapp.WebappApplicationTests      : No active profile set, falling back to 1 default profile: "default"
2023-10-04T17:13:07.930-04:00  INFO 5180 --- [           main] .s.d.r.c.RepositoryConfigurationDelegate : Bootstrapping Spring Data JPA repositories in DEFAULT mode.
2023-10-04T17:13:07.989-04:00  INFO 5180 --- [           main] .s.d.r.c.RepositoryConfigurationDelegate : Finished Spring Data repository scanning in 50 ms. Found 2 JPA repository interfaces.
2023-10-04T17:13:08.738-04:00  INFO 5180 --- [           main] o.hibernate.jpa.internal.util.LogHelper  : HHH000204: Processing PersistenceUnitInfo [name: default]
2023-10-04T17:13:08.814-04:00  INFO 5180 --- [           main] org.hibernate.Version                    : HHH000412: Hibernate ORM core version 6.2.9.Final
2023-10-04T17:13:08.817-04:00  INFO 5180 --- [           main] org.hibernate.cfg.Environment            : HHH000406: Using bytecode reflection optimizer
2023-10-04T17:13:08.989-04:00  INFO 5180 --- [           main] o.h.b.i.BytecodeProviderInitiator        : HHH000021: Bytecode provider name : bytebuddy
2023-10-04T17:13:09.156-04:00  INFO 5180 --- [           main] o.s.o.j.p.SpringPersistenceUnitInfo      : No LoadTimeWeaver setup: ignoring JPA class transformer
2023-10-04T17:13:09.175-04:00  INFO 5180 --- [           main] com.zaxxer.hikari.HikariDataSource       : HikariPool-1 - Starting...
2023-10-04T17:13:09.633-04:00  INFO 5180 --- [           main] com.zaxxer.hikari.pool.HikariPool        : HikariPool-1 - Added connection com.mysql.cj.jdbc.ConnectionImpl@e07b4db
2023-10-04T17:13:09.635-04:00  INFO 5180 --- [           main] com.zaxxer.hikari.HikariDataSource       : HikariPool-1 - Start completed.
2023-10-04T17:13:09.990-04:00  INFO 5180 --- [           main] o.h.b.i.BytecodeProviderInitiator        : HHH000021: Bytecode provider name : bytebuddy
2023-10-04T17:13:10.740-04:00  INFO 5180 --- [           main] o.h.e.t.j.p.i.JtaPlatformInitiator       : HHH000490: Using JtaPlatform implementation: [org.hibernate.engine.transaction.jta.platform.internal.NoJtaPlatform]
Hibernate: alter table assignment drop foreign key FKnhqa5tme74fmf377uqde7t069
Hibernate: drop table if exists account
Hibernate: drop table if exists assignment
Hibernate: create table account (account_created datetime(6) not null, account_updated datetime(6) not null, email varchar(255) not null, first_name varchar(255) not null, id varchar(255) not null, last_name varchar(255) not null, password varchar(255), primary key (id)) engine=InnoDB
Hibernate: create table assignment (num_of_attempts integer not null, points integer not null, assignment_created datetime(6) not null, assignment_updated datetime(6) not null, deadline datetime(6) not null, account_id varchar(255), id varchar(255) not null, name varchar(255) not null, primary key (id)) engine=InnoDB
Hibernate: alter table account add constraint UK_q0uja26qgu1atulenwup9rxyr unique (email)
Hibernate: alter table assignment add constraint FKnhqa5tme74fmf377uqde7t069 foreign key (account_id) references account (id)
2023-10-04T17:13:10.844-04:00  INFO 5180 --- [           main] j.LocalContainerEntityManagerFactoryBean : Initialized JPA EntityManagerFactory for persistence unit 'default'
2023-10-04T17:13:11.344-04:00  WARN 5180 --- [           main] JpaBaseConfiguration$JpaWebConfiguration : spring.jpa.open-in-view is enabled by default. Therefore, database queries may be performed during view rendering. Explicitly configure spring.jpa.open-in-view to disable this warning
2023-10-04T17:13:11.482-04:00  INFO 5180 --- [           main] o.s.s.web.DefaultSecurityFilterChain     : Will secure any request with [org.springframework.security.web.session.DisableEncodeUrlFilter@3c1d6ef0, org.springframework.security.web.context.request.async.WebAsyncManagerIntegrationFilter@2e2c9e24, org.springframework.security.web.context.SecurityContextHolderFilter@4db45d, org.springframework.security.web.header.HeaderWriterFilter@2319c1e0, org.springframework.security.web.authentication.logout.LogoutFilter@41935a9d, org.springframework.security.web.authentication.www.BasicAuthenticationFilter@28c75c93, org.springframework.security.web.savedrequest.RequestCacheAwareFilter@5c7d675c, org.springframework.security.web.servletapi.SecurityContextHolderAwareRequestFilter@3da6950f, org.springframework.security.web.authentication.AnonymousAuthenticationFilter@3dd27116, org.springframework.security.web.session.SessionManagementFilter@129348e8, org.springframework.security.web.access.ExceptionTranslationFilter@363a09a2, org.springframework.security.web.access.intercept.AuthorizationFilter@423d662a]
2023-10-04T17:13:11.989-04:00  INFO 5180 --- [           main] c.c.a.webapp.WebappApplicationTests      : Started WebappApplicationTests in 4.839 seconds (process running for 6.096)
Hibernate: select a1_0.id,a1_0.account_created,a1_0.account_updated,a1_0.email,a1_0.first_name,a1_0.last_name,a1_0.password from account a1_0 where a1_0.email=?
Hibernate: insert into account (account_created,account_updated,email,first_name,last_name,password,id) values (?,?,?,?,?,?,?)
Hibernate: select a1_0.id,a1_0.account_created,a1_0.account_updated,a1_0.email,a1_0.first_name,a1_0.last_name,a1_0.password from account a1_0 where a1_0.email=?
Hibernate: insert into account (account_created,account_updated,email,first_name,last_name,password,id) values (?,?,?,?,?,?,?)
Hibernate: select a1_0.id,a1_0.account_created,a1_0.account_updated,a1_0.email,a1_0.first_name,a1_0.last_name,a1_0.password from account a1_0 where a1_0.email=?
Hibernate: insert into account (account_created,account_updated,email,first_name,last_name,password,id) values (?,?,?,?,?,?,?)
Hibernate: select a1_0.id,a1_0.account_created,a1_0.account_updated,a1_0.email,a1_0.first_name,a1_0.last_name,a1_0.password from account a1_0 where a1_0.email=?
Hibernate: insert into account (account_created,account_updated,email,first_name,last_name,password,id) values (?,?,?,?,?,?,?)
]]></system-out>
  </testcase>
</testsuite>